\BOOKMARK [0][-]{chapter*.1}{\376\377\000D\000\351\000d\000i\000c\000a\000c\000e\000s}{}% 1
\BOOKMARK [0][-]{chapter*.2}{\376\377\000R\000e\000m\000e\000r\000c\000i\000e\000m\000e\000n\000t\000s}{}% 2
\BOOKMARK [0][-]{chapter*.3}{\376\377\000R\000\351\000s\000u\000m\000\351}{}% 3
\BOOKMARK [0][-]{chapter*.4}{\376\377\000A\000b\000s\000t\000r\000a\000c\000t}{}% 4
\BOOKMARK [0][-]{chapter*.8}{\376\377\000L\000i\000s\000t\000e\000\040\000d\000e\000s\000\040\000a\000b\000r\000\351\000v\000i\000a\000t\000i\000o\000n\000s}{}% 5
\BOOKMARK [0][-]{chapter*.9}{\376\377\000I\000n\000t\000r\000o\000d\000u\000c\000t\000i\000o\000n\000\040\000G\000\351\000n\000\351\000r\000a\000l\000e}{}% 6
\BOOKMARK [0][-]{chapter.1}{\376\377\000P\000r\000\351\000s\000e\000n\000t\000a\000t\000i\000o\000n\000\040\000d\000e\000\040\000l\000'\000o\000r\000g\000a\000n\000i\000s\000m\000e\000\040\000d\000'\000a\000c\000c\000u\000e\000i\000l}{}% 7
\BOOKMARK [1][-]{section.1.1}{\376\377\000P\000r\000\351\000s\000e\000n\000t\000a\000t\000i\000o\000n\000\040\000d\000e\000\040\000C\000I\000H\000\040\000B\000A\000N\000K}{chapter.1}% 8
\BOOKMARK [1][-]{section.1.2}{\376\377\000M\000i\000s\000s\000i\000o\000n\000s\000\040\000d\000e\000\040\000C\000I\000H\000\040\000B\000A\000N\000K}{chapter.1}% 9
\BOOKMARK [1][-]{section.1.3}{\376\377\000S\000e\000c\000t\000e\000u\000r\000s\000\040\000d\040\031\000a\000c\000t\000i\000v\000i\000t\000\351}{chapter.1}% 10
\BOOKMARK [1][-]{section.1.4}{\376\377\000F\000i\000l\000i\000a\000l\000e\000s}{chapter.1}% 11
\BOOKMARK [1][-]{section.1.5}{\376\377\000A\000c\000t\000i\000o\000n\000n\000a\000r\000i\000a\000t}{chapter.1}% 12
\BOOKMARK [1][-]{section.1.6}{\376\377\000C\000h\000i\000f\000f\000r\000e\000s\000\040\000c\000l\000\351\000s}{chapter.1}% 13
\BOOKMARK [1][-]{section.1.7}{\376\377\000C\000o\000n\000f\000o\000r\000m\000i\000t\000\351}{chapter.1}% 14
\BOOKMARK [2][-]{subsection.1.7.1}{\376\377\000\311\000t\000h\000i\000q\000u\000e\000\040\000e\000t\000\040\000D\000\351\000o\000n\000t\000o\000l\000o\000g\000i\000e}{section.1.7}% 15
\BOOKMARK [2][-]{subsection.1.7.2}{\376\377\000P\000\351\000r\000i\000m\000\350\000t\000r\000e\000\040\000d\040\031\000a\000c\000t\000i\000o\000n\000\040\000d\000u\000\040\000\253\000\040\000P\000\364\000l\000e\000\040\000C\000o\000n\000f\000o\000r\000m\000i\000t\000\351\000\040\000\273\000\040\000a\000u\000\040\000n\000i\000v\000e\000a\000u\000\040\000d\000e\000\040\000C\000I\000H\000\040\000B\000a\000n\000k}{section.1.7}% 16
\BOOKMARK [1][-]{section.1.8}{\376\377\000G\000o\000u\000v\000e\000r\000n\000a\000n\000c\000e}{chapter.1}% 17
\BOOKMARK [1][-]{section.1.9}{\376\377\000O\000r\000g\000a\000n\000i\000g\000r\000a\000m\000m\000e}{chapter.1}% 18
\BOOKMARK [2][-]{subsection.1.9.1}{\376\377\000S\000t\000r\000u\000c\000t\000u\000r\000e\000\040\000h\000i\000\351\000r\000a\000r\000c\000h\000i\000q\000u\000e\000\040\000d\000e\000\040\000C\000I\000H\000\040\000B\000A\000N\000K}{section.1.9}% 19
\BOOKMARK [1][-]{section.1.10}{\376\377\000D\000a\000t\000a\000\040\000O\000f\000f\000i\000c\000e}{chapter.1}% 20
\BOOKMARK [0][-]{chapter.2}{\376\377\000C\000o\000n\000t\000e\000x\000t\000e\000,\000\040\000P\000r\000o\000b\000l\000\351\000m\000a\000t\000i\000q\000u\000e\000\040\000e\000t\000\040\000S\000o\000l\000u\000t\000i\000o\000n\000\040\000P\000r\000o\000p\000o\000s\000\351\000e}{}% 21
\BOOKMARK [1][-]{section.2.1}{\376\377\000C\000o\000n\000t\000e\000x\000t\000e\000\040\000g\000\351\000n\000\351\000r\000a\000l\000\040\000:\000\040\000l\000a\000\040\000d\000o\000n\000n\000\351\000e\000\040\000a\000u\000\040\000c\001\123\000u\000r\000\040\000d\000e\000\040\000l\000a\000\040\000b\000a\000n\000q\000u\000e\000\040\000d\000i\000g\000i\000t\000a\000l\000e}{chapter.2}% 22
\BOOKMARK [2][-]{subsection.2.1.1}{\376\377\000L\000a\000\040\000t\000r\000a\000n\000s\000f\000o\000r\000m\000a\000t\000i\000o\000n\000\040\000d\000i\000g\000i\000t\000a\000l\000e\000\040\000d\000u\000\040\000s\000e\000c\000t\000e\000u\000r\000\040\000b\000a\000n\000c\000a\000i\000r\000e}{section.2.1}% 23
\BOOKMARK [2][-]{subsection.2.1.2}{\376\377\000L\000a\000\040\000q\000u\000a\000l\000i\000t\000\351\000\040\000d\000e\000s\000\040\000d\000o\000n\000n\000\351\000e\000s\000\040\000:\000\040\000u\000n\000\040\000e\000n\000j\000e\000u\000\040\000s\000t\000r\000a\000t\000\351\000g\000i\000q\000u\000e\000\040\000e\000t\000\040\000r\000\351\000g\000l\000e\000m\000e\000n\000t\000a\000i\000r\000e}{section.2.1}% 24
\BOOKMARK [1][-]{section.2.2}{\376\377\000L\000e\000\040\000d\000o\000m\000a\000i\000n\000e\000\040\000T\000i\000e\000r\000s\000\040\000:\000\040\000p\000\351\000r\000i\000m\000\350\000t\000r\000e\000\040\000m\000\351\000t\000i\000e\000r\000\040\000d\000u\000\040\000p\000r\000o\000j\000e\000t}{chapter.2}% 25
\BOOKMARK [2][-]{subsection.2.2.1}{\376\377\000D\000\351\000f\000i\000n\000i\000t\000i\000o\000n\000\040\000d\000u\000\040\000R\000\351\000f\000\351\000r\000e\000n\000t\000i\000e\000l\000\040\000T\000i\000e\000r\000s}{section.2.2}% 26
\BOOKMARK [2][-]{subsection.2.2.2}{\376\377\000L\000e\000s\000\040\000c\000o\000l\000o\000n\000n\000e\000s\000\040\000K\000Y\000C\000\040\000e\000t\000\040\000C\000S\000P\000\040\000:\000\040\000d\000o\000n\000n\000\351\000e\000s\000\040\000c\000r\000i\000t\000i\000q\000u\000e\000s\000\040\000d\000u\000\040\000R\000\351\000f\000\351\000r\000e\000n\000t\000i\000e\000l\000\040\000T\000i\000e\000r\000s}{section.2.2}% 27
\BOOKMARK [1][-]{section.2.3}{\376\377\000L\000e\000\040\000p\000i\000p\000e\000l\000i\000n\000e\000\040\000d\000e\000\040\000d\000o\000n\000n\000\351\000e\000s\000\040\000e\000x\000i\000s\000t\000a\000n\000t\000\040\000:\000\040\000d\000e\000\040\000N\000O\000V\000A\000\040\000\340\000\040\000T\000a\000b\000l\000e\000a\000u}{chapter.2}% 28
\BOOKMARK [2][-]{subsection.2.3.1}{\376\377\000V\000u\000e\000\040\000d\000'\000e\000n\000s\000e\000m\000b\000l\000e\000\040\000d\000e\000\040\000l\000'\000a\000r\000c\000h\000i\000t\000e\000c\000t\000u\000r\000e}{section.2.3}% 29
\BOOKMARK [2][-]{subsection.2.3.2}{\376\377\000\311\000t\000a\000p\000e\000\040\0001\000\040\040\024\000\040\000S\000y\000s\000t\000\350\000m\000e\000\040\000o\000p\000\351\000r\000a\000n\000t\000\040\000:\000\040\000O\000r\000a\000c\000l\000e\000\040\000N\000O\000V\000A}{section.2.3}% 30
\BOOKMARK [2][-]{subsection.2.3.3}{\376\377\000\311\000t\000a\000p\000e\000\040\0002\000\040\040\024\000\040\000I\000n\000g\000e\000s\000t\000i\000o\000n\000\040\000R\000A\000W\000\040\000v\000e\000r\000s\000\040\000H\000D\000F\000S\000/\000H\000i\000v\000e}{section.2.3}% 31
\BOOKMARK [2][-]{subsection.2.3.4}{\376\377\000\311\000t\000a\000p\000e\000\040\0003\000\040\040\024\000\040\000T\000r\000a\000n\000s\000f\000o\000r\000m\000a\000t\000i\000o\000n\000\040\000S\000T\000A\000G\000I\000N\000G}{section.2.3}% 32
\BOOKMARK [2][-]{subsection.2.3.5}{\376\377\000\311\000t\000a\000p\000e\000\040\0004\000\040\040\024\000\040\000V\000i\000r\000t\000u\000a\000l\000i\000s\000a\000t\000i\000o\000n\000\040\000D\000r\000e\000m\000i\000o}{section.2.3}% 33
\BOOKMARK [2][-]{subsection.2.3.6}{\376\377\000\311\000t\000a\000p\000e\000\040\0005\000\040\040\024\000\040\000V\000u\000e\000\040\000f\000i\000n\000a\000l\000e\000\040\000C\000I\000H\000O\000N\000E\000\040\000\050\0002\0008\000\040\000c\000o\000l\000o\000n\000n\000e\000s\000\051}{section.2.3}% 34
\BOOKMARK [1][-]{section.2.4}{\376\377\000P\000r\000o\000b\000l\000\351\000m\000a\000t\000i\000q\000u\000e}{chapter.2}% 35
\BOOKMARK [2][-]{subsection.2.4.1}{\376\377\000A\000b\000s\000e\000n\000c\000e\000\040\000d\000e\000\040\000c\000o\000n\000t\000r\000\364\000l\000e\000\040\000q\000u\000a\000l\000i\000t\000\351\000\040\000a\000u\000t\000o\000m\000a\000t\000i\000s\000\351\000\040\000s\000u\000r\000\040\000l\000e\000\040\000p\000i\000p\000e\000l\000i\000n\000e}{section.2.4}% 36
\BOOKMARK [2][-]{subsection.2.4.2}{\376\377\000A\000b\000s\000e\000n\000c\000e\000\040\000d\000'\000h\000i\000s\000t\000o\000r\000i\000s\000a\000t\000i\000o\000n\000\040\000e\000t\000\040\000d\000e\000\040\000t\000r\000a\000\347\000a\000b\000i\000l\000i\000t\000\351}{section.2.4}% 37
\BOOKMARK [2][-]{subsection.2.4.3}{\376\377\000A\000b\000s\000e\000n\000c\000e\000\040\000d\000'\000o\000u\000t\000i\000l\000l\000a\000g\000e\000\040\000p\000o\000u\000r\000\040\000l\000e\000s\000\040\000D\000a\000t\000a\000\040\000S\000t\000e\000w\000a\000r\000d\000s}{section.2.4}% 38
\BOOKMARK [1][-]{section.2.5}{\376\377\000S\000o\000l\000u\000t\000i\000o\000n\000\040\000p\000r\000o\000p\000o\000s\000\351\000e}{chapter.2}% 39
\BOOKMARK [2][-]{subsection.2.5.1}{\376\377\000V\000u\000e\000\040\000d\000'\000e\000n\000s\000e\000m\000b\000l\000e\000\040\000d\000e\000\040\000l\000a\000\040\000s\000o\000l\000u\000t\000i\000o\000n}{section.2.5}% 40
\BOOKMARK [2][-]{subsection.2.5.2}{\376\377\000S\000o\000d\000a\000\040\000C\000o\000r\000e\000\040\000:\000\040\000b\000i\000b\000l\000i\000o\000t\000h\000\350\000q\000u\000e\000\040\000P\000y\000t\000h\000o\000n\000\040\000d\000e\000\040\000D\000a\000t\000a\000\040\000Q\000u\000a\000l\000i\000t\000y}{section.2.5}% 41
\BOOKMARK [2][-]{subsection.2.5.3}{\376\377\000P\000\351\000r\000i\000m\000\350\000t\000r\000e\000\040\000d\000e\000s\000\040\000c\000o\000n\000t\000r\000\364\000l\000e\000s\000\040\000:\000\040\000l\000a\000\040\000z\000o\000n\000e\000\040\000R\000A\000W\000\040\000u\000n\000i\000q\000u\000e\000m\000e\000n\000t}{section.2.5}% 42
\BOOKMARK [2][-]{subsection.2.5.4}{\376\377\000D\000\351\000c\000l\000e\000n\000c\000h\000e\000m\000e\000n\000t\000\040\000a\000u\000t\000o\000m\000a\000t\000i\000q\000u\000e\000\040\000p\000o\000s\000t\000-\000i\000n\000g\000e\000s\000t\000i\000o\000n}{section.2.5}% 43
\BOOKMARK [2][-]{subsection.2.5.5}{\376\377\000H\000i\000s\000t\000o\000r\000i\000s\000a\000t\000i\000o\000n\000\040\000e\000t\000\040\000t\000r\000a\000\347\000a\000b\000i\000l\000i\000t\000\351\000\040\000q\000u\000o\000t\000i\000d\000i\000e\000n\000n\000e}{section.2.5}% 44
\BOOKMARK [0][-]{chapter.3}{\376\377\000C\000o\000n\000c\000e\000p\000t\000i\000o\000n\000\040\000d\000e\000\040\000l\000a\000\040\000S\000o\000l\000u\000t\000i\000o\000n}{}% 45
\BOOKMARK [1][-]{section.3.1}{\376\377\000A\000r\000c\000h\000i\000t\000e\000c\000t\000u\000r\000e\000\040\000g\000l\000o\000b\000a\000l\000e\000\040\000d\000e\000\040\000l\000a\000\040\000s\000o\000l\000u\000t\000i\000o\000n}{chapter.3}% 46
\BOOKMARK [2][-]{subsection.3.1.1}{\376\377\000V\000u\000e\000\040\000d\000'\000e\000n\000s\000e\000m\000b\000l\000e}{section.3.1}% 47
\BOOKMARK [2][-]{subsection.3.1.2}{\376\377\000O\000u\000t\000i\000l\000s\000\040\000e\000t\000\040\000t\000e\000c\000h\000n\000o\000l\000o\000g\000i\000e\000s}{section.3.1}% 48
\BOOKMARK [1][-]{section.3.2}{\376\377\000C\000a\000t\000a\000l\000o\000g\000u\000e\000\040\000d\000e\000s\000\040\000r\000\350\000g\000l\000e\000s\000\040\000d\000e\000\040\000D\000a\000t\000a\000\040\000Q\000u\000a\000l\000i\000t\000y}{chapter.3}% 49
\BOOKMARK [2][-]{subsection.3.2.1}{\376\377\000P\000r\000i\000n\000c\000i\000p\000e\000s\000\040\000d\000e\000\040\000c\000o\000n\000c\000e\000p\000t\000i\000o\000n\000\040\000d\000e\000s\000\040\000r\000\350\000g\000l\000e\000s}{section.3.2}% 50
\BOOKMARK [2][-]{subsection.3.2.2}{\376\377\000R\000\350\000g\000l\000e\000s\000\040\000D\000Q\000\040\000s\000u\000r\000\040\000l\000e\000s\000\040\000c\000o\000l\000o\000n\000n\000e\000s\000\040\000K\000Y\000C}{section.3.2}% 51
\BOOKMARK [2][-]{subsection.3.2.3}{\376\377\000R\000\350\000g\000l\000e\000s\000\040\000D\000Q\000\040\000s\000u\000r\000\040\000l\000e\000s\000\040\000c\000o\000l\000o\000n\000n\000e\000s\000\040\000C\000S\000P}{section.3.2}% 52
\BOOKMARK [2][-]{subsection.3.2.4}{\376\377\000R\000\350\000g\000l\000e\000s\000\040\000D\000Q\000\040\000P\000i\000p\000e\000l\000i\000n\000e\000\040\000\050\000F\000r\000a\000\356\000c\000h\000e\000u\000r\000\051}{section.3.2}% 53
\BOOKMARK [1][-]{section.3.3}{\376\377\000M\000o\000d\000\350\000l\000e\000\040\000d\000e\000\040\000d\000o\000n\000n\000\351\000e\000s\000\040\000D\000Q\000\040\000\050\000P\000e\000r\000s\000i\000s\000t\000a\000n\000c\000e\000\051}{chapter.3}% 54
\BOOKMARK [2][-]{subsection.3.3.1}{\376\377\000B\000a\000s\000e\000\040\000H\000i\000v\000e\000\040\000d\000q\000\137\000r\000e\000s\000u\000l\000t\000s}{section.3.3}% 55
\BOOKMARK [2][-]{subsection.3.3.2}{\376\377\000T\000a\000b\000l\000e\000\040\000d\000q\000\137\000t\000i\000e\000r\000s\000\137\000s\000c\000o\000r\000e\000s\000\040\040\024\000\040\000H\000i\000s\000t\000o\000r\000i\000q\000u\000e\000\040\000d\000e\000s\000\040\000s\000c\000o\000r\000e\000s}{section.3.3}% 56
\BOOKMARK [2][-]{subsection.3.3.3}{\376\377\000T\000a\000b\000l\000e\000\040\000d\000q\000\137\000t\000i\000e\000r\000s\000\137\000a\000n\000o\000m\000a\000l\000i\000e\000s\000\040\040\024\000\040\000D\000\351\000t\000a\000i\000l\000\040\000d\000e\000s\000\040\000a\000n\000o\000m\000a\000l\000i\000e\000s}{section.3.3}% 57
\BOOKMARK [2][-]{subsection.3.3.4}{\376\377\000P\000a\000r\000t\000i\000t\000i\000o\000n\000n\000e\000m\000e\000n\000t\000\040\000e\000t\000\040\000f\000o\000r\000m\000a\000t\000\040\000d\000e\000\040\000s\000t\000o\000c\000k\000a\000g\000e}{section.3.3}% 58
\BOOKMARK [1][-]{section.3.4}{\376\377\000C\000o\000n\000c\000e\000p\000t\000i\000o\000n\000\040\000d\000u\000\040\000m\000o\000t\000e\000u\000r\000\040\000D\000Q\000\040\040\024\000\040\000S\000o\000d\000a\000\040\000C\000o\000r\000e}{chapter.3}% 59
\BOOKMARK [2][-]{subsection.3.4.1}{\376\377\000A\000r\000c\000h\000i\000t\000e\000c\000t\000u\000r\000e\000\040\000d\000u\000\040\000s\000c\000r\000i\000p\000t\000\040\000d\000q\000\137\000t\000i\000e\000r\000s\000\137\000c\000h\000e\000c\000k\000s\000.\000p\000y}{section.3.4}% 60
\BOOKMARK [2][-]{subsection.3.4.2}{\376\377\000F\000i\000c\000h\000i\000e\000r\000s\000\040\000d\000e\000\040\000c\000o\000n\000f\000i\000g\000u\000r\000a\000t\000i\000o\000n\000\040\000Y\000A\000M\000L}{section.3.4}% 61
\BOOKMARK [1][-]{section.3.5}{\376\377\000C\000o\000n\000c\000e\000p\000t\000i\000o\000n\000\040\000d\000e\000\040\000l\000'\000o\000r\000c\000h\000e\000s\000t\000r\000a\000t\000i\000o\000n\000\040\000A\000i\000r\000f\000l\000o\000w}{chapter.3}% 62
\BOOKMARK [2][-]{subsection.3.5.1}{\376\377\000I\000n\000t\000\351\000g\000r\000a\000t\000i\000o\000n\000\040\000d\000a\000n\000s\000\040\000l\000e\000\040\000D\000A\000G\000\040\000d\000a\000i\000l\000y\000o\000w\0002\0002}{section.3.5}% 63
\BOOKMARK [1][-]{section.3.6}{\376\377\000C\000o\000n\000c\000e\000p\000t\000i\000o\000n\000\040\000d\000e\000s\000\040\000v\000u\000e\000s\000\040\000D\000r\000e\000m\000i\000o\000\040\000D\000Q}{chapter.3}% 64
\BOOKMARK [1][-]{section.3.7}{\376\377\000C\000o\000n\000c\000e\000p\000t\000i\000o\000n\000\040\000d\000u\000\040\000d\000a\000s\000h\000b\000o\000a\000r\000d\000\040\000T\000a\000b\000l\000e\000a\000u}{chapter.3}% 65
\BOOKMARK [0][-]{chapter.4}{\376\377\000R\000\351\000a\000l\000i\000s\000a\000t\000i\000o\000n\000\040\000d\000e\000\040\000l\000a\000\040\000S\000o\000l\000u\000t\000i\000o\000n}{}% 66
\BOOKMARK [1][-]{section.4.1}{\376\377\000E\000n\000v\000i\000r\000o\000n\000n\000e\000m\000e\000n\000t\000\040\000t\000e\000c\000h\000n\000i\000q\000u\000e\000\040\000d\000e\000\040\000d\000\351\000v\000e\000l\000o\000p\000p\000e\000m\000e\000n\000t}{chapter.4}% 67
\BOOKMARK [2][-]{subsection.4.1.1}{\376\377\000E\000n\000v\000i\000r\000o\000n\000n\000e\000m\000e\000n\000t\000\040\000H\000a\000d\000o\000o\000p\000\040\000e\000t\000\040\000c\000l\000u\000s\000t\000e\000r}{section.4.1}% 68
\BOOKMARK [2][-]{subsection.4.1.2}{\376\377\000I\000n\000s\000t\000a\000l\000l\000a\000t\000i\000o\000n\000\040\000d\000e\000\040\000S\000o\000d\000a\000\040\000C\000o\000r\000e}{section.4.1}% 69
\BOOKMARK [1][-]{section.4.2}{\376\377\000I\000m\000p\000l\000\351\000m\000e\000n\000t\000a\000t\000i\000o\000n\000\040\000d\000u\000\040\000m\000o\000t\000e\000u\000r\000\040\000D\000Q\000\040\040\024\000\040\000S\000o\000d\000a\000\040\000C\000o\000r\000e}{chapter.4}% 70
\BOOKMARK [2][-]{subsection.4.2.1}{\376\377\000S\000t\000r\000u\000c\000t\000u\000r\000e\000\040\000d\000e\000s\000\040\000f\000i\000c\000h\000i\000e\000r\000s\000\040\000d\000u\000\040\000p\000r\000o\000j\000e\000t\000\040\000D\000Q}{section.4.2}% 71
\BOOKMARK [2][-]{subsection.4.2.2}{\376\377\000F\000i\000c\000h\000i\000e\000r\000\040\000d\000e\000\040\000c\000o\000n\000f\000i\000g\000u\000r\000a\000t\000i\000o\000n\000\040\000Y\000A\000M\000L\000\040\040\024\000\040\000R\000\350\000g\000l\000e\000s\000\040\000K\000Y\000C\000\040\000\050\000c\000h\000e\000c\000k\000s\000\137\000k\000y\000c\000.\000y\000m\000l\000\051}{section.4.2}% 72
\BOOKMARK [2][-]{subsection.4.2.3}{\376\377\000F\000i\000c\000h\000i\000e\000r\000\040\000d\000e\000\040\000c\000o\000n\000f\000i\000g\000u\000r\000a\000t\000i\000o\000n\000\040\000Y\000A\000M\000L\000\040\040\024\000\040\000R\000\350\000g\000l\000e\000s\000\040\000C\000S\000P\000\040\000\050\000c\000h\000e\000c\000k\000s\000\137\000c\000s\000p\000.\000y\000m\000l\000\051}{section.4.2}% 73
\BOOKMARK [2][-]{subsection.4.2.4}{\376\377\000S\000c\000r\000i\000p\000t\000\040\000P\000y\000t\000h\000o\000n\000\040\000p\000r\000i\000n\000c\000i\000p\000a\000l\000\040\000\050\000d\000q\000\137\000t\000i\000e\000r\000s\000\137\000c\000h\000e\000c\000k\000s\000.\000p\000y\000\051}{section.4.2}% 74
\BOOKMARK [1][-]{section.4.3}{\376\377\000C\000r\000\351\000a\000t\000i\000o\000n\000\040\000d\000e\000s\000\040\000t\000a\000b\000l\000e\000s\000\040\000H\000i\000v\000e\000\040\000d\000e\000\040\000p\000e\000r\000s\000i\000s\000t\000a\000n\000c\000e}{chapter.4}% 75
\BOOKMARK [1][-]{section.4.4}{\376\377\000I\000n\000t\000\351\000g\000r\000a\000t\000i\000o\000n\000\040\000d\000a\000n\000s\000\040\000l\000e\000\040\000D\000A\000G\000\040\000A\000i\000r\000f\000l\000o\000w\000\040\000d\000a\000i\000l\000y\000o\000w\0002\0002}{chapter.4}% 76
\BOOKMARK [2][-]{subsection.4.4.1}{\376\377\000A\000j\000o\000u\000t\000\040\000d\000e\000\040\000l\000a\000\040\000t\000\342\000c\000h\000e\000\040\000D\000Q}{section.4.4}% 77
\BOOKMARK [2][-]{subsection.4.4.2}{\376\377\000P\000l\000a\000n\000i\000f\000i\000c\000a\000t\000i\000o\000n\000\040\000e\000t\000\040\000m\000o\000n\000i\000t\000o\000r\000i\000n\000g}{section.4.4}% 78
\BOOKMARK [1][-]{section.4.5}{\376\377\000C\000r\000\351\000a\000t\000i\000o\000n\000\040\000d\000e\000s\000\040\000v\000u\000e\000s\000\040\000D\000r\000e\000m\000i\000o}{chapter.4}% 79
\BOOKMARK [2][-]{subsection.4.5.1}{\376\377\000V\000u\000e\000\040\000v\000.\000d\000q\000\137\000s\000c\000o\000r\000e\000s\000\137\000h\000i\000s\000t\000o\000r\000y}{section.4.5}% 80
\BOOKMARK [2][-]{subsection.4.5.2}{\376\377\000V\000u\000e\000\040\000v\000.\000d\000q\000\137\000k\000p\000i\000s\000\137\000s\000u\000m\000m\000a\000r\000y}{section.4.5}% 81
\BOOKMARK [2][-]{subsection.4.5.3}{\376\377\000V\000u\000e\000\040\000v\000.\000d\000q\000\137\000a\000n\000o\000m\000a\000l\000i\000e\000s\000\137\000d\000e\000t\000a\000i\000l}{section.4.5}% 82
\BOOKMARK [1][-]{section.4.6}{\376\377\000R\000\351\000a\000l\000i\000s\000a\000t\000i\000o\000n\000\040\000d\000u\000\040\000d\000a\000s\000h\000b\000o\000a\000r\000d\000\040\000T\000a\000b\000l\000e\000a\000u}{chapter.4}% 83
\BOOKMARK [2][-]{subsection.4.6.1}{\376\377\000C\000o\000n\000n\000e\000x\000i\000o\000n\000\040\000T\000a\000b\000l\000e\000a\000u\000\040\000\340\000\040\000D\000r\000e\000m\000i\000o}{section.4.6}% 84
\BOOKMARK [2][-]{subsection.4.6.2}{\376\377\000O\000n\000g\000l\000e\000t\000\040\0001\000\040\040\024\000\040\000V\000u\000e\000\040\000E\000x\000\351\000c\000u\000t\000i\000v\000e}{section.4.6}% 85
\BOOKMARK [2][-]{subsection.4.6.3}{\376\377\000O\000n\000g\000l\000e\000t\000\040\0002\000\040\040\024\000\040\000D\000\351\000t\000a\000i\000l\000\040\000K\000Y\000C}{section.4.6}% 86
\BOOKMARK [2][-]{subsection.4.6.4}{\376\377\000O\000n\000g\000l\000e\000t\000\040\0003\000\040\040\024\000\040\000D\000\351\000t\000a\000i\000l\000\040\000C\000S\000P}{section.4.6}% 87
\BOOKMARK [2][-]{subsection.4.6.5}{\376\377\000O\000n\000g\000l\000e\000t\000\040\0004\000\040\040\024\000\040\000A\000n\000o\000m\000a\000l\000i\000e\000s\000\040\000e\000t\000\040\000R\000e\000m\000\351\000d\000i\000a\000t\000i\000o\000n}{section.4.6}% 88
